14:16:01 **** Build of configuration Debug for project Tuersteuerung ****
make all 
Building file: ../Library/niusb6501.c
Invoking: GCC C Compiler
gcc -std=gnu99 -O0 -g3 -Wall -c -fmessage-length=0 -MMD -MP -MF"Library/niusb6501.d" -MT"Library/niusb6501.o" -o "Library/niusb6501.o" "../Library/niusb6501.c"
Finished building: ../Library/niusb6501.c
 
Building file: ../DoorControl.cpp
Invoking: GCC C++ Compiler
g++ -std=c++11 -O0 -g3 -Wall -c -fmessage-length=0 -MMD -MP -MF"DoorControl.d" -MT"DoorControl.o" -o "DoorControl.o" "../DoorControl.cpp"
Finished building: ../DoorControl.cpp
 
Building file: ../DoorInterface.cpp
Invoking: GCC C++ Compiler
g++ -std=c++11 -O0 -g3 -Wall -c -fmessage-length=0 -MMD -MP -MF"DoorInterface.d" -MT"DoorInterface.o" -o "DoorInterface.o" "../DoorInterface.cpp"
Finished building: ../DoorInterface.cpp
 
Building target: Tuersteuerung
Invoking: GCC C++ Linker
g++  -o "Tuersteuerung"  ./Library/niusb6501.o  ./DoorControl.o ./DoorInterface.o   -lncurses -lpthread -lrt -lm -lusb
Finished building target: Tuersteuerung
 
14:21:44 **** Incremental Build of configuration Debug for project Tuersteuerung ****
make all 
make: Für das Ziel »all« ist nichts zu tun.
14:24:35 **** Incremental Build of configuration Debug for project Tuersteuerung ****
make all 
make: Für das Ziel »all« ist nichts zu tun.
14:33:02 **** Incremental Build of configuration Debug for project Tuersteuerung ****
make all 
make: Für das Ziel »all« ist nichts zu tun.
14:33:24 **** Clean-only build of configuration Debug for project Tuersteuerung ****
make clean 
rm -rf  ./Library/niusb6501.o  ./DoorControl.o ./DoorInterface.o  ./DoorControl.d ./DoorInterface.d  ./Library/niusb6501.d  Tuersteuerung
 
14:42:12 **** Clean-only build of configuration Debug for project Tuersteuerung ****
make clean 
rm -rf  ./Library/niusb6501.o  ./DoorControl.o ./DoorInterface.o  ./DoorControl.d ./DoorInterface.d  ./Library/niusb6501.d  Tuersteuerung
 
14:42:16 **** Build of configuration Debug for project Tuersteuerung ****
make all 
Building file: ../Library/niusb6501.c
Invoking: GCC C Compiler
gcc -std=gnu99 -O0 -g3 -Wall -c -fmessage-length=0 -MMD -MP -MF"Library/niusb6501.d" -MT"Library/niusb6501.o" -o "Library/niusb6501.o" "../Library/niusb6501.c"
Finished building: ../Library/niusb6501.c
 
Building file: ../DoorControl.cpp
Invoking: GCC C++ Compiler
g++ -std=c++11 -O0 -g3 -Wall -c -fmessage-length=0 -MMD -MP -MF"DoorControl.d" -MT"DoorControl.o" -o "DoorControl.o" "../DoorControl.cpp"
Finished building: ../DoorControl.cpp
 
Building file: ../DoorInterface.cpp
Invoking: GCC C++ Compiler
g++ -std=c++11 -O0 -g3 -Wall -c -fmessage-length=0 -MMD -MP -MF"DoorInterface.d" -MT"DoorInterface.o" -o "DoorInterface.o" "../DoorInterface.cpp"
Finished building: ../DoorInterface.cpp
 
Building target: Tuersteuerung
Invoking: GCC C++ Linker
g++  -o "Tuersteuerung"  ./Library/niusb6501.o  ./DoorControl.o ./DoorInterface.o   -lncurses -lpthread -lrt -lm -lusb
Finished building target: Tuersteuerung
 
14:42:27 **** Incremental Build of configuration Debug for project Tuersteuerung ****
make all 
make: Für das Ziel »all« ist nichts zu tun.
14:45:09 **** Clean-only build of configuration Debug for project Tuersteuerung ****
make clean 
rm -rf  ./Library/niusb6501.o  ./DoorControl.o ./DoorInterface.o  ./DoorControl.d ./DoorInterface.d  ./Library/niusb6501.d  Tuersteuerung
 
19:05:03 **** Build of configuration Debug for project Tuersteuerung ****
make all 
Building file: ../Library/niusb6501.c
Invoking: GCC C Compiler
gcc -std=gnu99 -O0 -g3 -Wall -c -fmessage-length=0 -MMD -MP -MF"Library/niusb6501.d" -MT"Library/niusb6501.o" -o "Library/niusb6501.o" "../Library/niusb6501.c"
Finished building: ../Library/niusb6501.c
 
Building file: ../DoorControl.cpp
Invoking: GCC C++ Compiler
g++ -std=c++11 -O0 -g3 -Wall -c -fmessage-length=0 -MMD -MP -MF"DoorControl.d" -MT"DoorControl.o" -o "DoorControl.o" "../DoorControl.cpp"
Finished building: ../DoorControl.cpp
 
Building file: ../DoorInterface.cpp
Invoking: GCC C++ Compiler
g++ -std=c++11 -O0 -g3 -Wall -c -fmessage-length=0 -MMD -MP -MF"DoorInterface.d" -MT"DoorInterface.o" -o "DoorInterface.o" "../DoorInterface.cpp"
Finished building: ../DoorInterface.cpp
 
Building target: Tuersteuerung
Invoking: GCC C++ Linker
g++  -o "Tuersteuerung"  ./Library/niusb6501.o  ./DoorControl.o ./DoorInterface.o   -lncurses -lpthread -lrt -lm -lusb
Finished building target: Tuersteuerung
 
19:05:18 **** Incremental Build of configuration Debug for project Tuersteuerung ****
make all 
make: Für das Ziel »all« ist nichts zu tun.
15:45:33 **** Clean-only build of configuration Debug for project Tuersteuerung ****
make clean 
rm -rf  ./Library/niusb6501.o  ./DoorControl.o ./DoorInterface.o  ./DoorControl.d ./DoorInterface.d  ./Library/niusb6501.d  Tuersteuerung
 
15:45:45 **** Build of configuration Debug for project Tuersteuerung ****
make all 
Building file: ../Library/niusb6501.c
Invoking: GCC C Compiler
gcc -std=gnu99 -O0 -g3 -Wall -c -fmessage-length=0 -MMD -MP -MF"Library/niusb6501.d" -MT"Library/niusb6501.o" -o "Library/niusb6501.o" "../Library/niusb6501.c"
Finished building: ../Library/niusb6501.c
 
Building file: ../DoorControl.cpp
Invoking: GCC C++ Compiler
g++ -std=c++11 -O0 -g3 -Wall -c -fmessage-length=0 -MMD -MP -MF"DoorControl.d" -MT"DoorControl.o" -o "DoorControl.o" "../DoorControl.cpp"
Finished building: ../DoorControl.cpp
 
Building file: ../DoorInterface.cpp
Invoking: GCC C++ Compiler
g++ -std=c++11 -O0 -g3 -Wall -c -fmessage-length=0 -MMD -MP -MF"DoorInterface.d" -MT"DoorInterface.o" -o "DoorInterface.o" "../DoorInterface.cpp"
Finished building: ../DoorInterface.cpp
 
Building target: Tuersteuerung
Invoking: GCC C++ Linker
g++  -o "Tuersteuerung"  ./Library/niusb6501.o  ./DoorControl.o ./DoorInterface.o   -lncurses -lpthread -lrt -lm -lusb
Finished building target: Tuersteuerung
 
15:45:52 **** Incremental Build of configuration Debug for project Tuersteuerung ****
make all 
make: Für das Ziel »all« ist nichts zu tun.
15:46:06 **** Clean-only build of configuration Debug for project Tuersteuerung ****
make clean 
rm -rf  ./Library/niusb6501.o  ./DoorControl.o ./DoorInterface.o  ./DoorControl.d ./DoorInterface.d  ./Library/niusb6501.d  Tuersteuerung
 
20:53:45 **** Clean-only build of configuration Debug for project Tuersteuerung ****
make clean 
rm -rf  ./Library/niusb6501.o  ./DoorControl.o ./DoorInterface.o  ./DoorControl.d ./DoorInterface.d  ./Library/niusb6501.d  Tuersteuerung
 
20:53:57 **** Build of configuration Debug for project Tuersteuerung ****
make all 
Building file: ../Library/niusb6501.c
Invoking: GCC C Compiler
gcc -std=gnu99 -O0 -g3 -Wall -c -fmessage-length=0 -MMD -MP -MF"Library/niusb6501.d" -MT"Library/niusb6501.d" -o "Library/niusb6501.o" "../Library/niusb6501.c"
Finished building: ../Library/niusb6501.c
 
Building file: ../DoorControl.cpp
Invoking: GCC C++ Compiler
g++ -std=c++11 -O0 -g3 -Wall -c -fmessage-length=0 -MMD -MP -MF"DoorControl.d" -MT"DoorControl.d" -o "DoorControl.o" "../DoorControl.cpp"
Finished building: ../DoorControl.cpp
 
Building file: ../DoorInterface.cpp
Invoking: GCC C++ Compiler
g++ -std=c++11 -O0 -g3 -Wall -c -fmessage-length=0 -MMD -MP -MF"DoorInterface.d" -MT"DoorInterface.d" -o "DoorInterface.o" "../DoorInterface.cpp"
Finished building: ../DoorInterface.cpp
 
Building target: Tuersteuerung
Invoking: GCC C++ Linker
g++  -o "Tuersteuerung"  ./Library/niusb6501.o  ./DoorControl.o ./DoorInterface.o   -lncurses -lpthread -lrt -lm -lusb
Finished building target: Tuersteuerung
 
20:54:07 **** Incremental Build of configuration Debug for project Tuersteuerung ****
make all 
make: Für das Ziel „all“ ist nichts zu tun.
20:59:05 **** Clean-only build of configuration Debug for project Tuersteuerung ****
make clean 
rm -rf  ./Library/niusb6501.o  ./DoorControl.o ./DoorInterface.o  ./DoorControl.d ./DoorInterface.d  ./Library/niusb6501.d  Tuersteuerung
 
20:59:07 **** Build of configuration Debug for project Tuersteuerung ****
make all 
Building file: ../Library/niusb6501.c
Invoking: GCC C Compiler
gcc -std=gnu99 -O0 -g3 -Wall -c -fmessage-length=0 -MMD -MP -MF"Library/niusb6501.d" -MT"Library/niusb6501.d" -o "Library/niusb6501.o" "../Library/niusb6501.c"
Finished building: ../Library/niusb6501.c
 
Building file: ../DoorControl.cpp
Invoking: GCC C++ Compiler
g++ -std=c++11 -O0 -g3 -Wall -c -fmessage-length=0 -MMD -MP -MF"DoorControl.d" -MT"DoorControl.d" -o "DoorControl.o" "../DoorControl.cpp"
Finished building: ../DoorControl.cpp
 
Building file: ../DoorInterface.cpp
Invoking: GCC C++ Compiler
g++ -std=c++11 -O0 -g3 -Wall -c -fmessage-length=0 -MMD -MP -MF"DoorInterface.d" -MT"DoorInterface.d" -o "DoorInterface.o" "../DoorInterface.cpp"
Finished building: ../DoorInterface.cpp
 
Building target: Tuersteuerung
Invoking: GCC C++ Linker
g++  -o "Tuersteuerung"  ./Library/niusb6501.o  ./DoorControl.o ./DoorInterface.o   -lncurses -lpthread -lrt -lm -lusb
Finished building target: Tuersteuerung
 
20:59:14 **** Incremental Build of configuration Debug for project Tuersteuerung ****
make all 
make: Für das Ziel „all“ ist nichts zu tun.
21:02:30 **** Clean-only build of configuration Debug for project Tuersteuerung ****
make clean 
rm -rf  ./Library/niusb6501.o  ./DoorControl.o ./DoorInterface.o  ./DoorControl.d ./DoorInterface.d  ./Library/niusb6501.d  Tuersteuerung
 
21:02:34 **** Build of configuration Debug for project Tuersteuerung ****
make all 
Building file: ../Library/niusb6501.c
Invoking: GCC C Compiler
gcc -std=gnu99 -O0 -g3 -Wall -c -fmessage-length=0 -MMD -MP -MF"Library/niusb6501.d" -MT"Library/niusb6501.d" -o "Library/niusb6501.o" "../Library/niusb6501.c"
Finished building: ../Library/niusb6501.c
 
Building file: ../DoorControl.cpp
Invoking: GCC C++ Compiler
g++ -std=c++11 -O0 -g3 -Wall -c -fmessage-length=0 -MMD -MP -MF"DoorControl.d" -MT"DoorControl.d" -o "DoorControl.o" "../DoorControl.cpp"
Finished building: ../DoorControl.cpp
 
Building file: ../DoorInterface.cpp
Invoking: GCC C++ Compiler
g++ -std=c++11 -O0 -g3 -Wall -c -fmessage-length=0 -MMD -MP -MF"DoorInterface.d" -MT"DoorInterface.d" -o "DoorInterface.o" "../DoorInterface.cpp"
Finished building: ../DoorInterface.cpp
 
Building file: ../main.cpp
Invoking: GCC C++ Compiler
g++ -std=c++11 -O0 -g3 -Wall -c -fmessage-length=0 -MMD -MP -MF"main.d" -MT"main.d" -o "main.o" "../main.cpp"
Finished building: ../main.cpp
 
Building target: Tuersteuerung
Invoking: GCC C++ Linker
g++  -o "Tuersteuerung"  ./Library/niusb6501.o  ./DoorControl.o ./DoorInterface.o ./main.o   -lncurses -lpthread -lrt -lm -lusb
Finished building target: Tuersteuerung
 
21:02:42 **** Incremental Build of configuration Debug for project Tuersteuerung ****
make all 
make: Für das Ziel „all“ ist nichts zu tun.
21:03:48 **** Clean-only build of configuration Debug for project Tuersteuerung ****
make clean 
rm -rf  ./Library/niusb6501.o  ./DoorControl.o ./DoorInterface.o ./main.o  ./DoorControl.d ./DoorInterface.d ./main.d  ./Library/niusb6501.d  Tuersteuerung
 
21:03:54 **** Build of configuration Debug for project Tuersteuerung ****
make all 
Building file: ../Library/niusb6501.c
Invoking: GCC C Compiler
gcc -std=gnu99 -O0 -g3 -Wall -c -fmessage-length=0 -MMD -MP -MF"Library/niusb6501.d" -MT"Library/niusb6501.d" -o "Library/niusb6501.o" "../Library/niusb6501.c"
Finished building: ../Library/niusb6501.c
 
Building file: ../DoorControl.cpp
Invoking: GCC C++ Compiler
g++ -std=c++11 -O0 -g3 -Wall -c -fmessage-length=0 -MMD -MP -MF"DoorControl.d" -MT"DoorControl.d" -o "DoorControl.o" "../DoorControl.cpp"
Finished building: ../DoorControl.cpp
 
Building file: ../DoorInterface.cpp
Invoking: GCC C++ Compiler
g++ -std=c++11 -O0 -g3 -Wall -c -fmessage-length=0 -MMD -MP -MF"DoorInterface.d" -MT"DoorInterface.d" -o "DoorInterface.o" "../DoorInterface.cpp"
Finished building: ../DoorInterface.cpp
 
Building file: ../main.cpp
Invoking: GCC C++ Compiler
g++ -std=c++11 -O0 -g3 -Wall -c -fmessage-length=0 -MMD -MP -MF"main.d" -MT"main.d" -o "main.o" "../main.cpp"
Finished building: ../main.cpp
 
Building target: Tuersteuerung
Invoking: GCC C++ Linker
g++  -o "Tuersteuerung"  ./Library/niusb6501.o  ./DoorControl.o ./DoorInterface.o ./main.o   -lncurses -lpthread -lrt -lm -lusb
Finished building target: Tuersteuerung
 
21:04:01 **** Incremental Build of configuration Debug for project Tuersteuerung ****
make all 
make: Für das Ziel „all“ ist nichts zu tun.
21:05:48 **** Clean-only build of configuration Debug for project Tuersteuerung ****
make clean 
rm -rf  ./Library/niusb6501.o  ./DoorControl.o ./DoorInterface.o ./main.o  ./DoorControl.d ./DoorInterface.d ./main.d  ./Library/niusb6501.d  Tuersteuerung
 
21:06:26 **** Clean-only build of configuration Debug for project Tuersteuerung ****
make clean 
rm -rf  ./Library/niusb6501.o  ./DoorControl.o ./DoorInterface.o ./main.o  ./DoorControl.d ./DoorInterface.d ./main.d  ./Library/niusb6501.d  Tuersteuerung
 
21:06:29 **** Build of configuration Debug for project Tuersteuerung ****
make all 
Building file: ../Library/niusb6501.c
Invoking: GCC C Compiler
gcc -std=gnu99 -O0 -g3 -Wall -c -fmessage-length=0 -MMD -MP -MF"Library/niusb6501.d" -MT"Library/niusb6501.d" -o "Library/niusb6501.o" "../Library/niusb6501.c"
Finished building: ../Library/niusb6501.c
 
Building file: ../DoorControl.cpp
Invoking: GCC C++ Compiler
g++ -std=c++11 -O0 -g3 -Wall -c -fmessage-length=0 -MMD -MP -MF"DoorControl.d" -MT"DoorControl.d" -o "DoorControl.o" "../DoorControl.cpp"
Finished building: ../DoorControl.cpp
 
Building file: ../DoorInterface.cpp
Invoking: GCC C++ Compiler
g++ -std=c++11 -O0 -g3 -Wall -c -fmessage-length=0 -MMD -MP -MF"DoorInterface.d" -MT"DoorInterface.d" -o "DoorInterface.o" "../DoorInterface.cpp"
Finished building: ../DoorInterface.cpp
 
Building file: ../main.cpp
Invoking: GCC C++ Compiler
g++ -std=c++11 -O0 -g3 -Wall -c -fmessage-length=0 -MMD -MP -MF"main.d" -MT"main.d" -o "main.o" "../main.cpp"
Finished building: ../main.cpp
 
Building target: Tuersteuerung
Invoking: GCC C++ Linker
g++  -o "Tuersteuerung"  ./Library/niusb6501.o  ./DoorControl.o ./DoorInterface.o ./main.o   -lncurses -lpthread -lrt -lm -lusb
Finished building target: Tuersteuerung
 
21:07:05 **** Clean-only build of configuration Debug for project Tuersteuerung ****
make clean 
rm -rf  ./Library/niusb6501.o  ./DoorControl.o ./DoorInterface.o ./main.o  ./DoorControl.d ./DoorInterface.d ./main.d  ./Library/niusb6501.d  Tuersteuerung
 
21:07:08 **** Build of configuration Debug for project Tuersteuerung ****
make all 
Building file: ../Library/niusb6501.c
Invoking: GCC C Compiler
gcc -std=gnu99 -O0 -g3 -Wall -c -fmessage-length=0 -MMD -MP -MF"Library/niusb6501.d" -MT"Library/niusb6501.d" -o "Library/niusb6501.o" "../Library/niusb6501.c"
Finished building: ../Library/niusb6501.c
 
Building file: ../DoorControl.cpp
Invoking: GCC C++ Compiler
g++ -std=c++11 -O0 -g3 -Wall -c -fmessage-length=0 -MMD -MP -MF"DoorControl.d" -MT"DoorControl.d" -o "DoorControl.o" "../DoorControl.cpp"
Finished building: ../DoorControl.cpp
 
Building file: ../DoorInterface.cpp
Invoking: GCC C++ Compiler
g++ -std=c++11 -O0 -g3 -Wall -c -fmessage-length=0 -MMD -MP -MF"DoorInterface.d" -MT"DoorInterface.d" -o "DoorInterface.o" "../DoorInterface.cpp"
Finished building: ../DoorInterface.cpp
 
Building file: ../main.cpp
Invoking: GCC C++ Compiler
g++ -std=c++11 -O0 -g3 -Wall -c -fmessage-length=0 -MMD -MP -MF"main.d" -MT"main.d" -o "main.o" "../main.cpp"
Finished building: ../main.cpp
 
Building target: Tuersteuerung
Invoking: GCC C++ Linker
g++  -o "Tuersteuerung"  ./Library/niusb6501.o  ./DoorControl.o ./DoorInterface.o ./main.o   -lncurses -lpthread -lrt -lm -lusb
Finished building target: Tuersteuerung
 
21:07:14 **** Incremental Build of configuration Debug for project Tuersteuerung ****
make all 
make: Für das Ziel „all“ ist nichts zu tun.
21:07:37 **** Incremental Build of configuration Debug for project Tuersteuerung ****
make all 
make: Für das Ziel „all“ ist nichts zu tun.
21:07:48 **** Clean-only build of configuration Debug for project Tuersteuerung ****
make clean 
rm -rf  ./Library/niusb6501.o  ./DoorControl.o ./DoorInterface.o ./main.o  ./DoorControl.d ./DoorInterface.d ./main.d  ./Library/niusb6501.d  Tuersteuerung
 
21:13:56 **** Clean-only build of configuration Debug for project Tuersteuerung ****
make clean 
rm -rf  ./Library/niusb6501.o  ./DoorControl.o ./DoorInterface.o ./main.o  ./DoorControl.d ./DoorInterface.d ./main.d  ./Library/niusb6501.d  Tuersteuerung
 
21:14:03 **** Build of configuration Debug for project Tuersteuerung ****
make all 
Building file: ../Library/niusb6501.c
Invoking: GCC C Compiler
gcc -std=gnu99 -O0 -g3 -Wall -c -fmessage-length=0 -MMD -MP -MF"Library/niusb6501.d" -MT"Library/niusb6501.d" -o "Library/niusb6501.o" "../Library/niusb6501.c"
Finished building: ../Library/niusb6501.c
 
Building file: ../DoorControl.cpp
Invoking: GCC C++ Compiler
g++ -std=c++11 -O0 -g3 -Wall -c -fmessage-length=0 -MMD -MP -MF"DoorControl.d" -MT"DoorControl.d" -o "DoorControl.o" "../DoorControl.cpp"
Finished building: ../DoorControl.cpp
 
Building file: ../DoorInterface.cpp
Invoking: GCC C++ Compiler
g++ -std=c++11 -O0 -g3 -Wall -c -fmessage-length=0 -MMD -MP -MF"DoorInterface.d" -MT"DoorInterface.d" -o "DoorInterface.o" "../DoorInterface.cpp"
Finished building: ../DoorInterface.cpp
 
Building file: ../main.cpp
Invoking: GCC C++ Compiler
g++ -std=c++11 -O0 -g3 -Wall -c -fmessage-length=0 -MMD -MP -MF"main.d" -MT"main.d" -o "main.o" "../main.cpp"
Finished building: ../main.cpp
 
Building target: Tuersteuerung
Invoking: GCC C++ Linker
g++  -o "Tuersteuerung"  ./Library/niusb6501.o  ./DoorControl.o ./DoorInterface.o ./main.o   -lncurses -lpthread -lrt -lm -lusb
Finished building target: Tuersteuerung
 
21:14:08 **** Incremental Build of configuration Debug for project Tuersteuerung ****
make all 
make: Für das Ziel „all“ ist nichts zu tun.
21:19:59 **** Clean-only build of configuration Debug for project Tuersteuerung ****
make clean 
rm -rf  ./Library/niusb6501.o  ./DoorControl.o ./DoorInterface.o ./main.o  ./DoorControl.d ./DoorInterface.d ./main.d  ./Library/niusb6501.d  Tuersteuerung
 
21:20:03 **** Build of configuration Debug for project Tuersteuerung ****
make all 
Building file: ../Library/niusb6501.c
Invoking: GCC C Compiler
gcc -std=gnu99 -O0 -g3 -Wall -c -fmessage-length=0 -MMD -MP -MF"Library/niusb6501.d" -MT"Library/niusb6501.d" -o "Library/niusb6501.o" "../Library/niusb6501.c"
Finished building: ../Library/niusb6501.c
 
Building file: ../DoorControl.cpp
Invoking: GCC C++ Compiler
g++ -std=c++11 -O0 -g3 -Wall -c -fmessage-length=0 -MMD -MP -MF"DoorControl.d" -MT"DoorControl.d" -o "DoorControl.o" "../DoorControl.cpp"
Finished building: ../DoorControl.cpp
 
Building file: ../DoorInterface.cpp
Invoking: GCC C++ Compiler
g++ -std=c++11 -O0 -g3 -Wall -c -fmessage-length=0 -MMD -MP -MF"DoorInterface.d" -MT"DoorInterface.d" -o "DoorInterface.o" "../DoorInterface.cpp"
Finished building: ../DoorInterface.cpp
 
Building file: ../main.cpp
Invoking: GCC C++ Compiler
g++ -std=c++11 -O0 -g3 -Wall -c -fmessage-length=0 -MMD -MP -MF"main.d" -MT"main.d" -o "main.o" "../main.cpp"
Finished building: ../main.cpp
 
Building target: Tuersteuerung
Invoking: GCC C++ Linker
g++  -o "Tuersteuerung"  ./Library/niusb6501.o  ./DoorControl.o ./DoorInterface.o ./main.o   -lncurses -lpthread -lrt -lm -lusb
Finished building target: Tuersteuerung
 
21:20:12 **** Incremental Build of configuration Debug for project Tuersteuerung ****
make all 
make: Für das Ziel „all“ ist nichts zu tun.
21:20:22 **** Clean-only build of configuration Debug for project Tuersteuerung ****
make clean 
rm -rf  ./Library/niusb6501.o  ./DoorControl.o ./DoorInterface.o ./main.o  ./DoorControl.d ./DoorInterface.d ./main.d  ./Library/niusb6501.d  Tuersteuerung
 
